2026-05-08 23:37:30,077 - ERROR - Error durante la carga: No se encontró el archivo: data/validated/telco_customer_churn_validated.csv
2026-05-08 23:38:36,500 - INFO - Dataset validado cargado correctamente.
2026-05-08 23:38:36,500 - INFO - Filas leídas: 7043 | Columnas leídas: 22
2026-05-08 23:38:37,936 - INFO - Registros insertados: 7043
2026-05-08 23:38:37,936 - INFO - Registros rechazados: 0
2026-05-08 23:38:37,936 - INFO - Registros omitidos por conflicto: 0
2026-05-08 23:38:37,936 - INFO - Carga a base de datos completada correctamente.
2026-05-14 09:00:18,424 - INFO - Dataset validado cargado correctamente.
2026-05-14 09:00:18,425 - INFO - Filas leĂ­das: 7043 | Columnas leĂ­das: 22
2026-05-14 09:00:19,953 - INFO - Registros insertados: 7043
2026-05-14 09:00:19,953 - INFO - Registros rechazados: 0
2026-05-14 09:00:19,953 - INFO - Registros omitidos por conflicto: 0
2026-05-14 09:00:19,953 - INFO - Carga a base de datos completada correctamente.
2026-05-14 09:23:23,245 - INFO - Dataset validado cargado correctamente.
2026-05-14 09:23:23,245 - INFO - Filas leĂ­das: 7043 | Columnas leĂ­das: 22
2026-05-14 09:23:24,670 - INFO - Registros insertados: 0
2026-05-14 09:23:24,671 - INFO - Registros rechazados: 0
2026-05-14 09:23:24,671 - INFO - Registros omitidos por conflicto: 7043
2026-05-14 09:23:24,671 - INFO - Carga a base de datos completada correctamente.
2026-05-14 09:45:15,505 - INFO - Dataset validado cargado correctamente.
2026-05-14 09:45:15,505 - INFO - Filas leĂ­das: 7043 | Columnas leĂ­das: 22
2026-05-14 09:45:17,006 - INFO - Registros insertados: 0
2026-05-14 09:45:17,007 - INFO - Registros rechazados: 0
2026-05-14 09:45:17,007 - INFO - Registros omitidos por conflicto: 7043
2026-05-14 09:45:17,007 - INFO - Carga a base de datos completada correctamente.
2026-05-14 10:28:28,627 - INFO - Dataset validado cargado correctamente.
2026-05-14 10:28:28,628 - INFO - Filas leĂ­das: 7043 | Columnas leĂ­das: 22
2026-05-14 10:28:30,150 - INFO - Registros insertados: 0
2026-05-14 10:28:30,150 - INFO - Registros rechazados: 0
2026-05-14 10:28:30,151 - INFO - Registros omitidos por conflicto: 7043
2026-05-14 10:28:30,151 - INFO - Carga a base de datos completada correctamente.
2026-05-18 01:31:51,361 - INFO - Dataset validado cargado correctamente.
2026-05-18 01:31:51,362 - INFO - Filas leídas: 7043 | Columnas leídas: 22
2026-05-18 01:31:54,063 - ERROR - Error durante la carga: could not translate host name "db" to address: Name or service not known

2026-05-18 01:33:51,115 - INFO - Dataset validado cargado correctamente.
2026-05-18 01:33:51,115 - INFO - Filas leídas: 7043 | Columnas leídas: 22
2026-05-18 01:33:52,682 - INFO - Registros insertados: 7043
2026-05-18 01:33:52,682 - INFO - Registros rechazados: 0
2026-05-18 01:33:52,682 - INFO - Registros omitidos por conflicto: 0
2026-05-18 01:33:52,682 - INFO - Carga a base de datos completada correctamente.
