2026-05-08 23:37:46,151 - INFO - Ingesta completada correctamente.
2026-05-08 23:37:46,151 - INFO - Archivo fuente: data/source/02_Base_WA_Fn-UseC_-Telco-Customer-Churn.csv
2026-05-08 23:37:46,151 - INFO - Archivo guardado en: data/raw\telco_customer_churn.csv
2026-05-08 23:37:46,151 - INFO - Filas: 7043 | Columnas: 21
2026-05-14 01:57:16,364 - INFO - Ingesta completada correctamente.
2026-05-14 01:57:16,365 - INFO - Archivo fuente: data/source/02_Base_WA_Fn-UseC_-Telco-Customer-Churn.csv
2026-05-14 01:57:16,365 - INFO - Archivo guardado en: data/raw\telco_customer_churn.csv
2026-05-14 01:57:16,365 - INFO - Filas: 7043 | Columnas: 21
2026-05-14 08:38:08,648 - INFO - Ingesta completada correctamente.
2026-05-14 08:38:08,648 - INFO - Archivo fuente: data/source/02_Base_WA_Fn-UseC_-Telco-Customer-Churn.csv
2026-05-14 08:38:08,649 - INFO - Archivo guardado en: data/raw/telco_customer_churn.csv
2026-05-14 08:38:08,650 - INFO - Filas: 7043 | Columnas: 21
2026-05-14 09:00:16,978 - INFO - Ingesta completada correctamente.
2026-05-14 09:00:16,978 - INFO - Archivo fuente: data/source/02_Base_WA_Fn-UseC_-Telco-Customer-Churn.csv
2026-05-14 09:00:16,979 - INFO - Archivo guardado en: data/raw/telco_customer_churn.csv
2026-05-14 09:00:16,979 - INFO - Filas: 7043 | Columnas: 21
2026-05-14 09:23:21,731 - INFO - Ingesta completada correctamente.
2026-05-14 09:23:21,731 - INFO - Archivo fuente: data/source/02_Base_WA_Fn-UseC_-Telco-Customer-Churn.csv
2026-05-14 09:23:21,731 - INFO - Archivo guardado en: data/raw/telco_customer_churn.csv
2026-05-14 09:23:21,731 - INFO - Filas: 7043 | Columnas: 21
2026-05-14 09:45:13,981 - INFO - Ingesta completada correctamente.
2026-05-14 09:45:13,981 - INFO - Archivo fuente: data/source/02_Base_WA_Fn-UseC_-Telco-Customer-Churn.csv
2026-05-14 09:45:13,981 - INFO - Archivo guardado en: data/raw/telco_customer_churn.csv
2026-05-14 09:45:13,982 - INFO - Filas: 7043 | Columnas: 21
2026-05-14 10:28:27,131 - INFO - Ingesta completada correctamente.
2026-05-14 10:28:27,131 - INFO - Archivo fuente: data/source/02_Base_WA_Fn-UseC_-Telco-Customer-Churn.csv
2026-05-14 10:28:27,132 - INFO - Archivo guardado en: data/raw/telco_customer_churn.csv
2026-05-14 10:28:27,133 - INFO - Filas: 7043 | Columnas: 21
2026-05-17 00:35:05,494 - INFO - Ingesta completada correctamente.
2026-05-17 00:35:05,495 - INFO - Archivo fuente: data/source/02_Base_WA_Fn-UseC_-Telco-Customer-Churn.csv
2026-05-17 00:35:05,495 - INFO - Archivo guardado en: data/raw\telco_customer_churn.csv
2026-05-17 00:35:05,495 - INFO - Filas: 7043 | Columnas: 21
2026-05-18 01:30:55,207 - INFO - Ingesta completada correctamente.
2026-05-18 01:30:55,208 - INFO - Archivo fuente: data/source/02_Base_WA_Fn-UseC_-Telco-Customer-Churn.csv
2026-05-18 01:30:55,208 - INFO - Archivo guardado en: data/raw\telco_customer_churn.csv
2026-05-18 01:30:55,208 - INFO - Filas: 7043 | Columnas: 21
2026-05-18 07:36:20,281 - INFO - Ingesta completada correctamente.
2026-05-18 07:36:20,281 - INFO - Archivo fuente: data/source/02_Base_WA_Fn-UseC_-Telco-Customer-Churn.csv
2026-05-18 07:36:20,281 - INFO - Archivo guardado en: data/raw\telco_customer_churn.csv
2026-05-18 07:36:20,281 - INFO - Filas: 7043 | Columnas: 21
2026-05-18 07:42:39,073 - INFO - Ingesta completada correctamente.
2026-05-18 07:42:39,073 - INFO - Archivo fuente: data/source/02_Base_WA_Fn-UseC_-Telco-Customer-Churn.csv
2026-05-18 07:42:39,073 - INFO - Archivo guardado en: data/raw\telco_customer_churn.csv
2026-05-18 07:42:39,073 - INFO - Filas: 7043 | Columnas: 21
2026-05-19 04:09:23,880 - INFO - Ingesta completada correctamente.
2026-05-19 04:09:23,881 - INFO - Archivo fuente: data/source/02_Base_WA_Fn-UseC_-Telco-Customer-Churn.csv
2026-05-19 04:09:23,881 - INFO - Archivo guardado en: data/raw\telco_customer_churn.csv
2026-05-19 04:09:23,881 - INFO - Filas: 7043 | Columnas: 21
2026-06-10 04:49:24,110 - INFO - Ingesta completada correctamente.
2026-06-10 04:49:24,110 - INFO - Archivo fuente: data/source/02_Base_WA_Fn-UseC_-Telco-Customer-Churn.csv
2026-06-10 04:49:24,110 - INFO - Archivo guardado en: data/raw\telco_customer_churn.csv
2026-06-10 04:49:24,110 - INFO - Filas: 7043 | Columnas: 21
2026-06-10 04:58:41,099 - INFO - Ingesta completada correctamente.
2026-06-10 04:58:41,099 - INFO - Archivo fuente: data/source/02_Base_WA_Fn-UseC_-Telco-Customer-Churn.csv
2026-06-10 04:58:41,099 - INFO - Archivo guardado en: data/raw\telco_customer_churn.csv
2026-06-10 04:58:41,099 - INFO - Filas: 7043 | Columnas: 21
