2026-06-10 04:43:00,099 - INFO - Iniciando pipeline del modelo final
2026-06-10 04:43:00,122 - INFO - Dataset cargado correctamente: (7043, 22)
2026-06-10 04:43:00,125 - INFO - Variables derivadas creadas correctamente
2026-06-10 04:43:00,140 - INFO - Variables codificadas: (7043, 33)
2026-06-10 04:43:00,157 - INFO - División train/test realizada
2026-06-10 04:43:00,161 - INFO - Escalado aplicado correctamente
2026-06-10 04:43:00,173 - INFO - Modelo entrenado correctamente
2026-06-10 04:43:00,174 - INFO - Predicciones generadas con threshold=0.55
2026-06-10 04:43:00,182 - INFO - Métricas calculadas correctamente
2026-06-10 04:43:00,186 - INFO - KPIs exportados en: c:\Users\Tomy\Desktop\Proyectos Gestion de datos para IA\telco_churn_dataops\output\kpis_modelo_final.csv
2026-06-10 04:43:00,187 - INFO - Matriz de confusión exportada en: c:\Users\Tomy\Desktop\Proyectos Gestion de datos para IA\telco_churn_dataops\output\matriz_confusion_modelo_final.csv
2026-06-10 04:43:00,189 - INFO - Curva ROC exportada en: c:\Users\Tomy\Desktop\Proyectos Gestion de datos para IA\telco_churn_dataops\output\curva_roc_modelo_final.csv
2026-06-10 04:43:00,201 - INFO - Predicciones exportadas en: c:\Users\Tomy\Desktop\Proyectos Gestion de datos para IA\telco_churn_dataops\output\predicciones_modelo_final.csv
2026-06-10 04:43:00,201 - INFO - Pipeline del modelo final completado correctamente
2026-06-10 04:49:28,368 - INFO - Iniciando pipeline del modelo final
2026-06-10 04:49:28,381 - INFO - Dataset cargado correctamente: (7043, 22)
2026-06-10 04:49:28,383 - INFO - Variables derivadas creadas correctamente
2026-06-10 04:49:28,392 - INFO - Variables codificadas: (7043, 33)
2026-06-10 04:49:28,409 - INFO - División train/test realizada
2026-06-10 04:49:28,415 - INFO - Escalado aplicado correctamente
2026-06-10 04:49:28,426 - INFO - Modelo entrenado correctamente
2026-06-10 04:49:28,428 - INFO - Predicciones generadas con threshold=0.55
2026-06-10 04:49:28,435 - INFO - Métricas calculadas correctamente
2026-06-10 04:49:28,437 - INFO - KPIs exportados en: c:\Users\Tomy\Desktop\Proyectos Gestion de datos para IA\telco_churn_dataops\output\kpis_modelo_final.csv
2026-06-10 04:49:28,438 - INFO - Matriz de confusión exportada en: c:\Users\Tomy\Desktop\Proyectos Gestion de datos para IA\telco_churn_dataops\output\matriz_confusion_modelo_final.csv
2026-06-10 04:49:28,440 - INFO - Curva ROC exportada en: c:\Users\Tomy\Desktop\Proyectos Gestion de datos para IA\telco_churn_dataops\output\curva_roc_modelo_final.csv
2026-06-10 04:49:28,450 - INFO - Predicciones exportadas en: c:\Users\Tomy\Desktop\Proyectos Gestion de datos para IA\telco_churn_dataops\output\predicciones_modelo_final.csv
2026-06-10 04:49:28,450 - INFO - Pipeline del modelo final completado correctamente
2026-06-10 04:58:45,353 - INFO - Iniciando pipeline del modelo final
2026-06-10 04:58:45,366 - INFO - Dataset cargado correctamente: (7043, 22)
2026-06-10 04:58:45,368 - INFO - Variables derivadas creadas correctamente
2026-06-10 04:58:45,377 - INFO - Variables codificadas: (7043, 33)
2026-06-10 04:58:45,392 - INFO - División train/test realizada
2026-06-10 04:58:45,397 - INFO - Escalado aplicado correctamente
2026-06-10 04:58:45,408 - INFO - Modelo entrenado correctamente
2026-06-10 04:58:45,409 - INFO - Predicciones generadas con threshold=0.55
2026-06-10 04:58:45,416 - INFO - Métricas calculadas correctamente
2026-06-10 04:58:45,418 - INFO - KPIs exportados en: c:\Users\Tomy\Desktop\Proyectos Gestion de datos para IA\telco_churn_dataops\output\kpis_modelo_final.csv
2026-06-10 04:58:45,419 - INFO - Matriz de confusión exportada en: c:\Users\Tomy\Desktop\Proyectos Gestion de datos para IA\telco_churn_dataops\output\matriz_confusion_modelo_final.csv
2026-06-10 04:58:45,421 - INFO - Curva ROC exportada en: c:\Users\Tomy\Desktop\Proyectos Gestion de datos para IA\telco_churn_dataops\output\curva_roc_modelo_final.csv
2026-06-10 04:58:45,431 - INFO - Predicciones exportadas en: c:\Users\Tomy\Desktop\Proyectos Gestion de datos para IA\telco_churn_dataops\output\predicciones_modelo_final.csv
2026-06-10 04:58:45,431 - INFO - Pipeline del modelo final completado correctamente
